<?xml version="1.0" encoding="UTF-8"?>
<testsuite xmlns:xsi="http://www.w3.org/2001/XMLSchema-instance" xsi:noNamespaceSchemaLocation="https://maven.apache.org/surefire/maven-surefire-plugin/xsd/surefire-test-report-3.0.xsd" version="3.0" name="com.medstockpro.controller.AuthControllerIntegrationTest" time="7.514" tests="3" errors="0" skipped="0" failures="0">
  <properties>
[...]
</properties>
  <testcase name="shouldReturn400ForInvalidEmail" classname="com.medstockpro.controller.AuthControllerIntegrationTest" time="0.528">
    <system-out><![CDATA[17:56:36.481 [main] INFO org.springframework.test.context.support.AnnotationConfigContextLoaderUtils -- Could not detect default configuration classes for test class [com.medstockpro.controller.AuthControllerIntegrationTest]: AuthControllerIntegrationTest does not declare any static, non-private, non-final, nested classes annotated with @Configuration.
17:56:36.611 [main] INFO org.springframework.boot.test.context.SpringBootTestContextBootstrapper -- Found @SpringBootConfiguration com.medstockpro.MedStockProApplication for test class com.medstockpro.controller.AuthControllerIntegrationTest

  .   ____          _            __ _ _
 /\\ / ___'_ __ _ _(_)_ __  __ _ \ \ \ \
( ( )\___ | '_ | '_| | '_ \/ _` | \ \ \ \
 \\/  ___)| |_)| | | | | || (_| |  ) ) ) )
  '  |____| .__|_| |_|_| |_\__, | / / / /
 =========|_|==============|___/=/_/_/_/
 :: Spring Boot ::                (v3.2.0)

2026-06-27T17:56:36.942+05:30  INFO 3136 --- [medstock-pro] [           main] c.m.c.AuthControllerIntegrationTest      : Starting AuthControllerIntegrationTest using Java 21.0.11 with PID 3136 (started by LENOVO in C:\Users\LENOVO\medstock-pro\backend)
2026-06-27T17:56:36.943+05:30 DEBUG 3136 --- [medstock-pro] [           main] c.m.c.AuthControllerIntegrationTest      : Running with Spring Boot v3.2.0, Spring v6.1.1
2026-06-27T17:56:36.943+05:30  INFO 3136 --- [medstock-pro] [           main] c.m.c.AuthControllerIntegrationTest      : No active profile set, falling back to 1 default profile: "default"
2026-06-27T17:56:37.711+05:30  INFO 3136 --- [medstock-pro] [           main] .s.d.r.c.RepositoryConfigurationDelegate : Multiple Spring Data modules found, entering strict repository configuration mode
2026-06-27T17:56:37.713+05:30  INFO 3136 --- [medstock-pro] [           main] .s.d.r.c.RepositoryConfigurationDelegate : Bootstrapping Spring Data JPA repositories in DEFAULT mode.
2026-06-27T17:56:37.825+05:30  INFO 3136 --- [medstock-pro] [           main] .s.d.r.c.RepositoryConfigurationDelegate : Finished Spring Data repository scanning in 106 ms. Found 8 JPA repository interfaces.
2026-06-27T17:56:37.841+05:30  INFO 3136 --- [medstock-pro] [           main] .s.d.r.c.RepositoryConfigurationDelegate : Multiple Spring Data modules found, entering strict repository configuration mode
2026-06-27T17:56:37.841+05:30  INFO 3136 --- [medstock-pro] [           main] .s.d.r.c.RepositoryConfigurationDelegate : Bootstrapping Spring Data Redis repositories in DEFAULT mode.
2026-06-27T17:56:37.856+05:30  INFO 3136 --- [medstock-pro] [           main] .RepositoryConfigurationExtensionSupport : Spring Data Redis - Could not safely identify store assignment for repository candidate interface com.medstockpro.repository.AlertLogRepository; If you want this repository to be a Redis repository, consider annotating your entities with one of these annotations: org.springframework.data.redis.core.RedisHash (preferred), or consider extending one of the following types with your repository: org.springframework.data.keyvalue.repository.KeyValueRepository
2026-06-27T17:56:37.856+05:30  INFO 3136 --- [medstock-pro] [           main] .RepositoryConfigurationExtensionSupport : Spring Data Redis - Could not safely identify store assignment for repository candidate interface com.medstockpro.repository.MedicineRepository; If you want this repository to be a Redis repository, consider annotating your entities with one of these annotations: org.springframework.data.redis.core.RedisHash (preferred), or consider extending one of the following types with your repository: org.springframework.data.keyvalue.repository.KeyValueRepository
2026-06-27T17:56:37.856+05:30  INFO 3136 --- [medstock-pro] [           main] .RepositoryConfigurationExtensionSupport : Spring Data Redis - Could not safely identify store assignment for repository candidate interface com.medstockpro.repository.PurchaseOrderRepository; If you want this repository to be a Redis repository, consider annotating your entities with one of these annotations: org.springframework.data.redis.core.RedisHash (preferred), or consider extending one of the following types with your repository: org.springframework.data.keyvalue.repository.KeyValueRepository
2026-06-27T17:56:37.856+05:30  INFO 3136 --- [medstock-pro] [           main] .RepositoryConfigurationExtensionSupport : Spring Data Redis - Could not safely identify store assignment for repository candidate interface com.medstockpro.repository.SaleBillRepository; If you want this repository to be a Redis repository, consider annotating your entities with one of these annotations: org.springframework.data.redis.core.RedisHash (preferred), or consider extending one of the following types with your repository: org.springframework.data.keyvalue.repository.KeyValueRepository
2026-06-27T17:56:37.856+05:30  INFO 3136 --- [medstock-pro] [           main] .RepositoryConfigurationExtensionSupport : Spring Data Redis - Could not safely identify store assignment for repository candidate interface com.medstockpro.repository.SaleItemRepository; If you want this repository to be a Redis repository, consider annotating your entities with one of these annotations: org.springframework.data.redis.core.RedisHash (preferred), or consider extending one of the following types with your repository: org.springframework.data.keyvalue.repository.KeyValueRepository
2026-06-27T17:56:37.856+05:30  INFO 3136 --- [medstock-pro] [           main] .RepositoryConfigurationExtensionSupport : Spring Data Redis - Could not safely identify store assignment for repository candidate interface com.medstockpro.repository.StockBatchRepository; If you want this repository to be a Redis repository, consider annotating your entities with one of these annotations: org.springframework.data.redis.core.RedisHash (preferred), or consider extending one of the following types with your repository: org.springframework.data.keyvalue.repository.KeyValueRepository
2026-06-27T17:56:37.856+05:30  INFO 3136 --- [medstock-pro] [           main] .RepositoryConfigurationExtensionSupport : Spring Data Redis - Could not safely identify store assignment for repository candidate interface com.medstockpro.repository.SupplierRepository; If you want this repository to be a Redis repository, consider annotating your entities with one of these annotations: org.springframework.data.redis.core.RedisHash (preferred), or consider extending one of the following types with your repository: org.springframework.data.keyvalue.repository.KeyValueRepository
2026-06-27T17:56:37.856+05:30  INFO 3136 --- [medstock-pro] [           main] .RepositoryConfigurationExtensionSupport : Spring Data Redis - Could not safely identify store assignment for repository candidate interface com.medstockpro.repository.UserRepository; If you want this repository to be a Redis repository, consider annotating your entities with one of these annotations: org.springframework.data.redis.core.RedisHash (preferred), or consider extending one of the following types with your repository: org.springframework.data.keyvalue.repository.KeyValueRepository
2026-06-27T17:56:37.856+05:30  INFO 3136 --- [medstock-pro] [           main] .s.d.r.c.RepositoryConfigurationDelegate : Finished Spring Data repository scanning in 8 ms. Found 0 Redis repository interfaces.
2026-06-27T17:56:38.411+05:30  INFO 3136 --- [medstock-pro] [           main] com.zaxxer.hikari.HikariDataSource       : HikariPool-1 - Starting...
2026-06-27T17:56:38.613+05:30  INFO 3136 --- [medstock-pro] [           main] com.zaxxer.hikari.pool.HikariPool        : HikariPool-1 - Added connection org.postgresql.jdbc.PgConnection@6e5f5478
2026-06-27T17:56:38.613+05:30  INFO 3136 --- [medstock-pro] [           main] com.zaxxer.hikari.HikariDataSource       : HikariPool-1 - Start completed.
2026-06-27T17:56:38.684+05:30  INFO 3136 --- [medstock-pro] [           main] o.f.c.internal.license.VersionPrinter    : Flyway Community Edition 9.22.3 by Redgate
2026-06-27T17:56:38.684+05:30  INFO 3136 --- [medstock-pro] [           main] o.f.c.internal.license.VersionPrinter    : See release notes here: https://rd.gt/416ObMi
2026-06-27T17:56:38.684+05:30  INFO 3136 --- [medstock-pro] [           main] o.f.c.internal.license.VersionPrinter    : 
2026-06-27T17:56:38.699+05:30  INFO 3136 --- [medstock-pro] [           main] org.flywaydb.core.FlywayExecutor         : Database: jdbc:postgresql://localhost:5432/medstock_pro (PostgreSQL 18.4)
2026-06-27T17:56:38.704+05:30  WARN 3136 --- [medstock-pro] [           main] o.f.c.internal.database.base.Database    : Flyway upgrade recommended: PostgreSQL 18.4 is newer than this version of Flyway and support has not been tested. The latest supported version of PostgreSQL is 15.
2026-06-27T17:56:38.738+05:30  INFO 3136 --- [medstock-pro] [           main] o.f.core.internal.command.DbValidate     : Successfully validated 1 migration (execution time 00:00.026s)
2026-06-27T17:56:38.779+05:30  INFO 3136 --- [medstock-pro] [           main] o.f.core.internal.command.DbMigrate      : Current version of schema "public": 1
2026-06-27T17:56:38.786+05:30  INFO 3136 --- [medstock-pro] [           main] o.f.core.internal.command.DbMigrate      : Schema "public" is up to date. No migration necessary.
2026-06-27T17:56:38.931+05:30  INFO 3136 --- [medstock-pro] [           main] o.hibernate.jpa.internal.util.LogHelper  : HHH000204: Processing PersistenceUnitInfo [name: default]
2026-06-27T17:56:39.020+05:30  INFO 3136 --- [medstock-pro] [           main] org.hibernate.Version                    : HHH000412: Hibernate ORM core version 6.3.1.Final
2026-06-27T17:56:39.049+05:30  INFO 3136 --- [medstock-pro] [           main] o.h.c.internal.RegionFactoryInitiator    : HHH000026: Second-level cache disabled
2026-06-27T17:56:39.230+05:30  INFO 3136 --- [medstock-pro] [           main] o.s.o.j.p.SpringPersistenceUnitInfo      : No LoadTimeWeaver setup: ignoring JPA class transformer
2026-06-27T17:56:39.272+05:30  WARN 3136 --- [medstock-pro] [           main] org.hibernate.orm.deprecation            : HHH90000025: PostgreSQLDialect does not need to be specified explicitly using 'hibernate.dialect' (remove the property setting and it will be selected by default)
2026-06-27T17:56:40.020+05:30  INFO 3136 --- [medstock-pro] [           main] o.h.e.t.j.p.i.JtaPlatformInitiator       : HHH000489: No JTA platform available (set 'hibernate.transaction.jta.platform' to enable JTA platform integration)
2026-06-27T17:56:40.054+05:30  INFO 3136 --- [medstock-pro] [           main] j.LocalContainerEntityManagerFactoryBean : Initialized JPA EntityManagerFactory for persistence unit 'default'
2026-06-27T17:56:40.387+05:30  INFO 3136 --- [medstock-pro] [           main] o.s.d.j.r.query.QueryEnhancerFactory     : Hibernate is in classpath; If applicable, HQL parser will be used.
2026-06-27T17:56:41.489+05:30  WARN 3136 --- [medstock-pro] [           main] JpaBaseConfiguration$JpaWebConfiguration : spring.jpa.open-in-view is enabled by default. Therefore, database queries may be performed during view rendering. Explicitly configure spring.jpa.open-in-view to disable this warning
2026-06-27T17:56:41.831+05:30  INFO 3136 --- [medstock-pro] [           main] o.s.s.web.DefaultSecurityFilterChain     : Will secure any request with [org.springframework.security.web.session.DisableEncodeUrlFilter@5fe8810d, org.springframework.security.web.context.request.async.WebAsyncManagerIntegrationFilter@7fa72332, org.springframework.security.web.context.SecurityContextHolderFilter@749979f4, org.springframework.security.web.header.HeaderWriterFilter@108a77d6, org.springframework.web.filter.CorsFilter@5a4736b8, org.springframework.security.web.authentication.logout.LogoutFilter@f35f81d, com.medstockpro.config.JwtFilter@20425fab, org.springframework.security.web.savedrequest.RequestCacheAwareFilter@394e21b9, org.springframework.security.web.servletapi.SecurityContextHolderAwareRequestFilter@58f24e38, org.springframework.security.web.authentication.AnonymousAuthenticationFilter@70eb3b36, org.springframework.security.web.session.SessionManagementFilter@77b1ba0b, org.springframework.security.web.access.ExceptionTranslationFilter@44575b13, org.springframework.security.web.access.intercept.AuthorizationFilter@5f5fe604]
2026-06-27T17:56:42.496+05:30 DEBUG 3136 --- [medstock-pro] [           main] com.medstockpro.config.JwtFilter         : Filter 'jwtFilter' configured for use
2026-06-27T17:56:42.497+05:30  INFO 3136 --- [medstock-pro] [           main] o.s.b.t.m.w.SpringBootMockServletContext : Initializing Spring TestDispatcherServlet ''
2026-06-27T17:56:42.498+05:30  INFO 3136 --- [medstock-pro] [           main] o.s.t.web.servlet.TestDispatcherServlet  : Initializing Servlet ''
2026-06-27T17:56:42.498+05:30  INFO 3136 --- [medstock-pro] [           main] o.s.t.web.servlet.TestDispatcherServlet  : Completed initialization in 0 ms
2026-06-27T17:56:42.516+05:30  INFO 3136 --- [medstock-pro] [           main] c.m.c.AuthControllerIntegrationTest      : Started AuthControllerIntegrationTest in 5.799 seconds (process running for 6.602)
]]></system-out>
    <system-err><![CDATA[WARNING: A Java agent has been loaded dynamically (C:\Users\LENOVO\.m2\repository\net\bytebuddy\byte-buddy-agent\1.14.10\byte-buddy-agent-1.14.10.jar)
WARNING: If a serviceability tool is in use, please run with -XX:+EnableDynamicAgentLoading to hide this warning
WARNING: If a serviceability tool is not in use, please run with -Djdk.instrument.traceUsage for more information
WARNING: Dynamic loading of agents will be disallowed by default in a future release
]]></system-err>
  </testcase>
  <testcase name="shouldLoginSuccessfully" classname="com.medstockpro.controller.AuthControllerIntegrationTest" time="0.589"/>
  <testcase name="shouldReturn401ForWrongPassword" classname="com.medstockpro.controller.AuthControllerIntegrationTest" time="0.217"/>
</testsuite>